<?xml version="1.0" encoding="UTF-8"?>
<testng-results ignored="0" total="5" passed="5" failed="0" skipped="0">
  <reporter-output>
  </reporter-output>
  <suite started-at="2026-07-03T15:27:22 IST" name="SauceDemoTestSuite" finished-at="2026-07-03T15:27:43 IST" duration-ms="21585">
    <groups>
    </groups>
    <test started-at="2026-07-03T15:27:22 IST" name="LoginTests" finished-at="2026-07-03T15:27:35 IST" duration-ms="13655">
      <class name="tests.LoginTest">
        <test-method is-config="true" signature="setUp()[pri:0, instance:tests.LoginTest@5656be13]" started-at="2026-07-03T15:27:22 IST" name="setUp" finished-at="2026-07-03T15:27:27 IST" duration-ms="5790" status="PASS">
          <reporter-output>
          </reporter-output>
        </test-method> <!-- setUp -->
        <test-method signature="testValidLogin()[pri:1, instance:tests.LoginTest@5656be13]" started-at="2026-07-03T15:27:27 IST" name="testValidLogin" description="Verify user can log in with valid credentials" finished-at="2026-07-03T15:27:28 IST" duration-ms="574" status="PASS">
          <reporter-output>
          </reporter-output>
        </test-method> <!-- testValidLogin -->
        <test-method is-config="true" signature="tearDown()[pri:0, instance:tests.LoginTest@5656be13]" started-at="2026-07-03T15:27:28 IST" name="tearDown" finished-at="2026-07-03T15:27:28 IST" duration-ms="240" status="PASS">
          <reporter-output>
          </reporter-output>
        </test-method> <!-- tearDown -->
        <test-method is-config="true" signature="setUp()[pri:0, instance:tests.LoginTest@5656be13]" started-at="2026-07-03T15:27:28 IST" name="setUp" finished-at="2026-07-03T15:27:31 IST" duration-ms="2416" status="PASS">
          <reporter-output>
          </reporter-output>
        </test-method> <!-- setUp -->
        <test-method signature="testInvalidLogin()[pri:2, instance:tests.LoginTest@5656be13]" started-at="2026-07-03T15:27:31 IST" name="testInvalidLogin" description="Verify error message on invalid login" finished-at="2026-07-03T15:27:31 IST" duration-ms="502" status="PASS">
          <reporter-output>
          </reporter-output>
        </test-method> <!-- testInvalidLogin -->
        <test-method is-config="true" signature="tearDown()[pri:0, instance:tests.LoginTest@5656be13]" started-at="2026-07-03T15:27:31 IST" name="tearDown" finished-at="2026-07-03T15:27:31 IST" duration-ms="198" status="PASS">
          <reporter-output>
          </reporter-output>
        </test-method> <!-- tearDown -->
        <test-method is-config="true" signature="setUp()[pri:0, instance:tests.LoginTest@5656be13]" started-at="2026-07-03T15:27:31 IST" name="setUp" finished-at="2026-07-03T15:27:35 IST" duration-ms="3272" status="PASS">
          <reporter-output>
          </reporter-output>
        </test-method> <!-- setUp -->
        <test-method signature="testEmptyCredentialsLogin()[pri:3, instance:tests.LoginTest@5656be13]" started-at="2026-07-03T15:27:35 IST" name="testEmptyCredentialsLogin" description="Verify error message on empty credentials" finished-at="2026-07-03T15:27:35 IST" duration-ms="395" status="PASS">
          <reporter-output>
          </reporter-output>
        </test-method> <!-- testEmptyCredentialsLogin -->
        <test-method is-config="true" signature="tearDown()[pri:0, instance:tests.LoginTest@5656be13]" started-at="2026-07-03T15:27:35 IST" name="tearDown" finished-at="2026-07-03T15:27:35 IST" duration-ms="202" status="PASS">
          <reporter-output>
          </reporter-output>
        </test-method> <!-- tearDown -->
      </class> <!-- tests.LoginTest -->
    </test> <!-- LoginTests -->
    <test started-at="2026-07-03T15:27:35 IST" name="CartTests" finished-at="2026-07-03T15:27:39 IST" duration-ms="4035">
      <class name="tests.AddToCartTest">
        <test-method is-config="true" signature="setUp()[pri:0, instance:tests.AddToCartTest@510f3d34]" started-at="2026-07-03T15:27:35 IST" name="setUp" finished-at="2026-07-03T15:27:38 IST" duration-ms="3049" status="PASS">
          <reporter-output>
          </reporter-output>
        </test-method> <!-- setUp -->
        <test-method signature="testAddProductToCart()[pri:0, instance:tests.AddToCartTest@510f3d34]" started-at="2026-07-03T15:27:38 IST" name="testAddProductToCart" description="Verify product can be added to cart and cart badge updates" finished-at="2026-07-03T15:27:39 IST" duration-ms="769" status="PASS">
          <reporter-output>
          </reporter-output>
        </test-method> <!-- testAddProductToCart -->
        <test-method is-config="true" signature="tearDown()[pri:0, instance:tests.AddToCartTest@510f3d34]" started-at="2026-07-03T15:27:39 IST" name="tearDown" finished-at="2026-07-03T15:27:39 IST" duration-ms="211" status="PASS">
          <reporter-output>
          </reporter-output>
        </test-method> <!-- tearDown -->
      </class> <!-- tests.AddToCartTest -->
    </test> <!-- CartTests -->
    <test started-at="2026-07-03T15:27:39 IST" name="CheckoutTests" finished-at="2026-07-03T15:27:43 IST" duration-ms="3863">
      <class name="tests.CheckoutTest">
        <test-method is-config="true" signature="setUp()[pri:0, instance:tests.CheckoutTest@b2c9a9c]" started-at="2026-07-03T15:27:39 IST" name="setUp" finished-at="2026-07-03T15:27:42 IST" duration-ms="2414" status="PASS">
          <reporter-output>
          </reporter-output>
        </test-method> <!-- setUp -->
        <test-method signature="testEndToEndCheckout()[pri:0, instance:tests.CheckoutTest@b2c9a9c]" started-at="2026-07-03T15:27:42 IST" name="testEndToEndCheckout" description="Verify end-to-end checkout flow completes successfully" finished-at="2026-07-03T15:27:43 IST" duration-ms="1240" status="PASS">
          <reporter-output>
          </reporter-output>
        </test-method> <!-- testEndToEndCheckout -->
        <test-method is-config="true" signature="tearDown()[pri:0, instance:tests.CheckoutTest@b2c9a9c]" started-at="2026-07-03T15:27:43 IST" name="tearDown" finished-at="2026-07-03T15:27:43 IST" duration-ms="205" status="PASS">
          <reporter-output>
          </reporter-output>
        </test-method> <!-- tearDown -->
      </class> <!-- tests.CheckoutTest -->
    </test> <!-- CheckoutTests -->
  </suite> <!-- SauceDemoTestSuite -->
</testng-results>
