<?xml version="1.0" encoding="UTF-8"?>
<!-- Generated by org.testng.reporters.JUnitReportReporter -->
<testsuite hostname="Anuja" failures="0" tests="3" name="tests.LoginTest" time="13.589" errors="0" timestamp="2026-07-03T15:27:43 IST" skipped="0">
  <testcase classname="tests.LoginTest" name="testValidLogin" time="3.192"/>
  <testcase classname="tests.LoginTest" name="testInvalidLogin" time="6.532"/>
  <testcase classname="tests.LoginTest" name="testEmptyCredentialsLogin" time="3.865"/>
</testsuite> <!-- tests.LoginTest -->
