<?xml version="1.0" encoding="UTF-8"?>
<!-- Generated by org.testng.reporters.JUnitXMLReporter -->
<testsuite ignored="0" hostname="Anuja" failures="0" tests="3" name="LoginTests" time="13.655" errors="0" timestamp="2026-07-03T15:27:35 IST">
  <testcase classname="tests.LoginTest" name="testValidLogin" time="0.574"/>
  <testcase classname="tests.LoginTest" name="testInvalidLogin" time="0.502"/>
  <testcase classname="tests.LoginTest" name="testEmptyCredentialsLogin" time="0.395"/>
</testsuite> <!-- LoginTests -->
